This file contains any messages produced by compilers while
running configure, to aid debugging if configure makes a mistake.

It was created by iris configure 0.1, which was
generated by GNU Autoconf 2.63.  Invocation command line was

  $ ./configure 

## --------- ##
## Platform. ##
## --------- ##

hostname = scatter
uname -m = i686
uname -r = 2.6.28-18-generic
uname -s = Linux
uname -v = #60-Ubuntu SMP Fri Mar 12 04:40:52 UTC 2010

/usr/bin/uname -p = unknown
/bin/uname -X     = unknown

/bin/arch              = unknown
/usr/bin/arch -k       = unknown
/usr/convex/getsysinfo = unknown
/usr/bin/hostinfo      = unknown
/bin/machine           = unknown
/usr/bin/oslevel       = unknown
/bin/universe          = unknown

PATH: /home/mitch/bin
PATH: /usr/local/sbin
PATH: /usr/local/bin
PATH: /usr/sbin
PATH: /usr/bin
PATH: /sbin
PATH: /bin
PATH: /usr/games


## ----------- ##
## Core tests. ##
## ----------- ##

configure:1881: checking for a BSD-compatible install
configure:1949: result: /usr/bin/install -c
configure:1960: checking whether build environment is sane
configure:2003: result: yes
configure:2028: checking for a thread-safe mkdir -p
configure:2067: result: /bin/mkdir -p
configure:2080: checking for gawk
configure:2096: found /usr/bin/gawk
configure:2107: result: gawk
configure:2118: checking whether make sets $(MAKE)
configure:2140: result: yes
configure:2378: checking for g++
configure:2394: found /usr/bin/g++
configure:2405: result: g++
configure:2432: checking for C++ compiler version
configure:2440: g++ --version >&5
g++ (Ubuntu 4.3.3-5ubuntu4) 4.3.3
Copyright (C) 2008 Free Software Foundation, Inc.
This is free software; see the source for copying conditions.  There is NO
warranty; not even for MERCHANTABILITY or FITNESS FOR A PARTICULAR PURPOSE.

configure:2444: $? = 0
configure:2451: g++ -v >&5
Using built-in specs.
Target: i486-linux-gnu
Configured with: ../src/configure -v --with-pkgversion='Ubuntu 4.3.3-5ubuntu4' --with-bugurl=file:///usr/share/doc/gcc-4.3/README.Bugs --enable-languages=c,c++,fortran,objc,obj-c++ --prefix=/usr --enable-shared --with-system-zlib --libexecdir=/usr/lib --without-included-gettext --enable-threads=posix --enable-nls --with-gxx-include-dir=/usr/include/c++/4.3 --program-suffix=-4.3 --enable-clocale=gnu --enable-libstdcxx-debug --enable-objc-gc --enable-mpfr --enable-targets=all --with-tune=generic --enable-checking=release --build=i486-linux-gnu --host=i486-linux-gnu --target=i486-linux-gnu
Thread model: posix
gcc version 4.3.3 (Ubuntu 4.3.3-5ubuntu4) 
configure:2455: $? = 0
configure:2462: g++ -V >&5
g++: '-V' option must have argument
configure:2466: $? = 1
configure:2489: checking for C++ compiler default output file name
configure:2511: g++    conftest.cpp  >&5
configure:2515: $? = 0
configure:2553: result: a.out
configure:2572: checking whether the C++ compiler works
configure:2582: ./a.out
configure:2586: $? = 0
configure:2605: result: yes
configure:2612: checking whether we are cross compiling
configure:2614: result: no
configure:2617: checking for suffix of executables
configure:2624: g++ -o conftest    conftest.cpp  >&5
configure:2628: $? = 0
configure:2654: result: 
configure:2660: checking for suffix of object files
configure:2686: g++ -c   conftest.cpp >&5
configure:2690: $? = 0
configure:2715: result: o
configure:2719: checking whether we are using the GNU C++ compiler
configure:2748: g++ -c   conftest.cpp >&5
configure:2755: $? = 0
configure:2772: result: yes
configure:2781: checking whether g++ accepts -g
configure:2811: g++ -c -g  conftest.cpp >&5
configure:2818: $? = 0
configure:2919: result: yes
configure:2953: checking for style of include used by make
configure:2981: result: GNU
configure:3006: checking dependency style of g++
configure:3097: result: gcc3
configure:3160: checking for gcc
configure:3176: found /usr/bin/gcc
configure:3187: result: gcc
configure:3419: checking for C compiler version
configure:3427: gcc --version >&5
gcc (Ubuntu 4.3.3-5ubuntu4) 4.3.3
Copyright (C) 2008 Free Software Foundation, Inc.
This is free software; see the source for copying conditions.  There is NO
warranty; not even for MERCHANTABILITY or FITNESS FOR A PARTICULAR PURPOSE.

configure:3431: $? = 0
configure:3438: gcc -v >&5
Using built-in specs.
Target: i486-linux-gnu
Configured with: ../src/configure -v --with-pkgversion='Ubuntu 4.3.3-5ubuntu4' --with-bugurl=file:///usr/share/doc/gcc-4.3/README.Bugs --enable-languages=c,c++,fortran,objc,obj-c++ --prefix=/usr --enable-shared --with-system-zlib --libexecdir=/usr/lib --without-included-gettext --enable-threads=posix --enable-nls --with-gxx-include-dir=/usr/include/c++/4.3 --program-suffix=-4.3 --enable-clocale=gnu --enable-libstdcxx-debug --enable-objc-gc --enable-mpfr --enable-targets=all --with-tune=generic --enable-checking=release --build=i486-linux-gnu --host=i486-linux-gnu --target=i486-linux-gnu
Thread model: posix
gcc version 4.3.3 (Ubuntu 4.3.3-5ubuntu4) 
configure:3442: $? = 0
configure:3449: gcc -V >&5
gcc: '-V' option must have argument
configure:3453: $? = 1
configure:3456: checking whether we are using the GNU C compiler
configure:3485: gcc -c   conftest.c >&5
configure:3492: $? = 0
configure:3509: result: yes
configure:3518: checking whether gcc accepts -g
configure:3548: gcc -c -g  conftest.c >&5
configure:3555: $? = 0
configure:3656: result: yes
configure:3673: checking for gcc option to accept ISO C89
configure:3747: gcc  -c -g -O2  conftest.c >&5
configure:3754: $? = 0
configure:3777: result: none needed
configure:3797: checking dependency style of gcc
configure:3888: result: gcc3
configure:3917: checking for a BSD-compatible install
configure:3985: result: /usr/bin/install -c
configure:4000: checking for gawk
configure:4027: result: gawk
configure:4043: checking how to run the C preprocessor
configure:4083: gcc -E  conftest.c
configure:4090: $? = 0
configure:4121: gcc -E  conftest.c
conftest.c:8:28: error: ac_nonexistent.h: No such file or directory
configure:4128: $? = 1
configure: failed program was:
| /* confdefs.h.  */
| #define PACKAGE_NAME "iris"
| #define PACKAGE_TARNAME "iris"
| #define PACKAGE_VERSION "0.1"
| #define PACKAGE_STRING "iris 0.1"
| #define PACKAGE_BUGREPORT "mitchelle dot rasquinha at gatech.edu"
| /* end confdefs.h.  */
| #include <ac_nonexistent.h>
configure:4161: result: gcc -E
configure:4190: gcc -E  conftest.c
configure:4197: $? = 0
configure:4228: gcc -E  conftest.c
conftest.c:8:28: error: ac_nonexistent.h: No such file or directory
configure:4235: $? = 1
configure: failed program was:
| /* confdefs.h.  */
| #define PACKAGE_NAME "iris"
| #define PACKAGE_TARNAME "iris"
| #define PACKAGE_VERSION "0.1"
| #define PACKAGE_STRING "iris 0.1"
| #define PACKAGE_BUGREPORT "mitchelle dot rasquinha at gatech.edu"
| /* end confdefs.h.  */
| #include <ac_nonexistent.h>
configure:4274: checking for a thread-safe mkdir -p
configure:4313: result: /bin/mkdir -p
configure:4359: checking for ranlib
configure:4375: found /usr/bin/ranlib
configure:4386: result: ranlib
configure:4414: checking for grep that handles long lines and -e
configure:4474: result: /bin/grep
configure:4479: checking for egrep
configure:4543: result: /bin/grep -E
configure:4548: checking for ANSI C header files
configure:4578: gcc -c -g -O2  conftest.c >&5
configure:4585: $? = 0
configure:4684: gcc -o conftest -g -O2   conftest.c  >&5
configure:4688: $? = 0
configure:4694: ./conftest
configure:4698: $? = 0
configure:4716: result: yes
configure:4740: checking for sys/types.h
configure:4761: gcc -c -g -O2  conftest.c >&5
configure:4768: $? = 0
configure:4785: result: yes
configure:4740: checking for sys/stat.h
configure:4761: gcc -c -g -O2  conftest.c >&5
configure:4768: $? = 0
configure:4785: result: yes
configure:4740: checking for stdlib.h
configure:4761: gcc -c -g -O2  conftest.c >&5
configure:4768: $? = 0
configure:4785: result: yes
configure:4740: checking for string.h
configure:4761: gcc -c -g -O2  conftest.c >&5
configure:4768: $? = 0
configure:4785: result: yes
configure:4740: checking for memory.h
configure:4761: gcc -c -g -O2  conftest.c >&5
configure:4768: $? = 0
configure:4785: result: yes
configure:4740: checking for strings.h
configure:4761: gcc -c -g -O2  conftest.c >&5
configure:4768: $? = 0
configure:4785: result: yes
configure:4740: checking for inttypes.h
configure:4761: gcc -c -g -O2  conftest.c >&5
configure:4768: $? = 0
configure:4785: result: yes
configure:4740: checking for stdint.h
configure:4761: gcc -c -g -O2  conftest.c >&5
configure:4768: $? = 0
configure:4785: result: yes
configure:4740: checking for unistd.h
configure:4761: gcc -c -g -O2  conftest.c >&5
configure:4768: $? = 0
configure:4785: result: yes
configure:4818: checking fcntl.h usability
configure:4835: gcc -c -g -O2  conftest.c >&5
configure:4842: $? = 0
configure:4856: result: yes
configure:4860: checking fcntl.h presence
configure:4875: gcc -E  conftest.c
configure:4882: $? = 0
configure:4896: result: yes
configure:4929: checking for fcntl.h
configure:4938: result: yes
configure:4807: checking for stdlib.h
configure:4814: result: yes
configure:4818: checking sys/time.h usability
configure:4835: gcc -c -g -O2  conftest.c >&5
configure:4842: $? = 0
configure:4856: result: yes
configure:4860: checking sys/time.h presence
configure:4875: gcc -E  conftest.c
configure:4882: $? = 0
configure:4896: result: yes
configure:4929: checking for sys/time.h
configure:4938: result: yes
configure:4807: checking for unistd.h
configure:4814: result: yes
configure:4955: checking for stdbool.h that conforms to C99
configure:5050: gcc -c -g -O2  conftest.c >&5
configure:5057: $? = 0
configure:5072: result: yes
configure:5074: checking for _Bool
configure:5102: gcc -c -g -O2  conftest.c >&5
configure:5109: $? = 0
configure:5136: gcc -c -g -O2  conftest.c >&5
conftest.c: In function 'main':
conftest.c:58: error: expected expression before ')' token
configure:5143: $? = 1
configure: failed program was:
| /* confdefs.h.  */
| #define PACKAGE_NAME "iris"
| #define PACKAGE_TARNAME "iris"
| #define PACKAGE_VERSION "0.1"
| #define PACKAGE_STRING "iris 0.1"
| #define PACKAGE_BUGREPORT "mitchelle dot rasquinha at gatech.edu"
| #define STDC_HEADERS 1
| #define HAVE_SYS_TYPES_H 1
| #define HAVE_SYS_STAT_H 1
| #define HAVE_STDLIB_H 1
| #define HAVE_STRING_H 1
| #define HAVE_MEMORY_H 1
| #define HAVE_STRINGS_H 1
| #define HAVE_INTTYPES_H 1
| #define HAVE_STDINT_H 1
| #define HAVE_UNISTD_H 1
| #define HAVE_FCNTL_H 1
| #define HAVE_STDLIB_H 1
| #define HAVE_SYS_TIME_H 1
| #define HAVE_UNISTD_H 1
| /* end confdefs.h.  */
| #include <stdio.h>
| #ifdef HAVE_SYS_TYPES_H
| # include <sys/types.h>
| #endif
| #ifdef HAVE_SYS_STAT_H
| # include <sys/stat.h>
| #endif
| #ifdef STDC_HEADERS
| # include <stdlib.h>
| # include <stddef.h>
| #else
| # ifdef HAVE_STDLIB_H
| #  include <stdlib.h>
| # endif
| #endif
| #ifdef HAVE_STRING_H
| # if !defined STDC_HEADERS && defined HAVE_MEMORY_H
| #  include <memory.h>
| # endif
| # include <string.h>
| #endif
| #ifdef HAVE_STRINGS_H
| # include <strings.h>
| #endif
| #ifdef HAVE_INTTYPES_H
| # include <inttypes.h>
| #endif
| #ifdef HAVE_STDINT_H
| # include <stdint.h>
| #endif
| #ifdef HAVE_UNISTD_H
| # include <unistd.h>
| #endif
| int
| main ()
| {
| if (sizeof ((_Bool)))
| 	  return 0;
|   ;
|   return 0;
| }
configure:5166: result: yes
configure:5185: checking for inline
configure:5211: gcc -c -g -O2  conftest.c >&5
configure:5218: $? = 0
configure:5236: result: inline
configure:5255: checking for size_t
configure:5283: gcc -c -g -O2  conftest.c >&5
configure:5290: $? = 0
configure:5317: gcc -c -g -O2  conftest.c >&5
conftest.c: In function 'main':
conftest.c:60: error: expected expression before ')' token
configure:5324: $? = 1
configure: failed program was:
| /* confdefs.h.  */
| #define PACKAGE_NAME "iris"
| #define PACKAGE_TARNAME "iris"
| #define PACKAGE_VERSION "0.1"
| #define PACKAGE_STRING "iris 0.1"
| #define PACKAGE_BUGREPORT "mitchelle dot rasquinha at gatech.edu"
| #define STDC_HEADERS 1
| #define HAVE_SYS_TYPES_H 1
| #define HAVE_SYS_STAT_H 1
| #define HAVE_STDLIB_H 1
| #define HAVE_STRING_H 1
| #define HAVE_MEMORY_H 1
| #define HAVE_STRINGS_H 1
| #define HAVE_INTTYPES_H 1
| #define HAVE_STDINT_H 1
| #define HAVE_UNISTD_H 1
| #define HAVE_FCNTL_H 1
| #define HAVE_STDLIB_H 1
| #define HAVE_SYS_TIME_H 1
| #define HAVE_UNISTD_H 1
| #define HAVE__BOOL 1
| #define HAVE_STDBOOL_H 1
| /* end confdefs.h.  */
| #include <stdio.h>
| #ifdef HAVE_SYS_TYPES_H
| # include <sys/types.h>
| #endif
| #ifdef HAVE_SYS_STAT_H
| # include <sys/stat.h>
| #endif
| #ifdef STDC_HEADERS
| # include <stdlib.h>
| # include <stddef.h>
| #else
| # ifdef HAVE_STDLIB_H
| #  include <stdlib.h>
| # endif
| #endif
| #ifdef HAVE_STRING_H
| # if !defined STDC_HEADERS && defined HAVE_MEMORY_H
| #  include <memory.h>
| # endif
| # include <string.h>
| #endif
| #ifdef HAVE_STRINGS_H
| # include <strings.h>
| #endif
| #ifdef HAVE_INTTYPES_H
| # include <inttypes.h>
| #endif
| #ifdef HAVE_STDINT_H
| # include <stdint.h>
| #endif
| #ifdef HAVE_UNISTD_H
| # include <unistd.h>
| #endif
| int
| main ()
| {
| if (sizeof ((size_t)))
| 	  return 0;
|   ;
|   return 0;
| }
configure:5347: result: yes
configure:5360: checking for uint64_t
configure:5391: gcc -c -g -O2  conftest.c >&5
configure:5398: $? = 0
configure:5419: result: yes
configure:5445: checking for floor
configure:5501: gcc -o conftest -g -O2   conftest.c  >&5
conftest.c:47: warning: conflicting types for built-in function 'floor'
/tmp/ccsLnj3T.o: In function `main':
/home/mitch/workspace/iris_phy_router/conftest.c:58: undefined reference to `floor'
collect2: ld returned 1 exit status
configure:5508: $? = 1
configure: failed program was:
| /* confdefs.h.  */
| #define PACKAGE_NAME "iris"
| #define PACKAGE_TARNAME "iris"
| #define PACKAGE_VERSION "0.1"
| #define PACKAGE_STRING "iris 0.1"
| #define PACKAGE_BUGREPORT "mitchelle dot rasquinha at gatech.edu"
| #define STDC_HEADERS 1
| #define HAVE_SYS_TYPES_H 1
| #define HAVE_SYS_STAT_H 1
| #define HAVE_STDLIB_H 1
| #define HAVE_STRING_H 1
| #define HAVE_MEMORY_H 1
| #define HAVE_STRINGS_H 1
| #define HAVE_INTTYPES_H 1
| #define HAVE_STDINT_H 1
| #define HAVE_UNISTD_H 1
| #define HAVE_FCNTL_H 1
| #define HAVE_STDLIB_H 1
| #define HAVE_SYS_TIME_H 1
| #define HAVE_UNISTD_H 1
| #define HAVE__BOOL 1
| #define HAVE_STDBOOL_H 1
| /* end confdefs.h.  */
| /* Define floor to an innocuous variant, in case <limits.h> declares floor.
|    For example, HP-UX 11i <limits.h> declares gettimeofday.  */
| #define floor innocuous_floor
| 
| /* System header to define __stub macros and hopefully few prototypes,
|     which can conflict with char floor (); below.
|     Prefer <limits.h> to <assert.h> if __STDC__ is defined, since
|     <limits.h> exists even on freestanding compilers.  */
| 
| #ifdef __STDC__
| # include <limits.h>
| #else
| # include <assert.h>
| #endif
| 
| #undef floor
| 
| /* Override any GCC internal prototype to avoid an error.
|    Use char because int might match the return type of a GCC
|    builtin and then its argument prototype would still apply.  */
| #ifdef __cplusplus
| extern "C"
| #endif
| char floor ();
| /* The GNU C library defines this for functions which it implements
|     to always fail with ENOSYS.  Some functions are actually named
|     something starting with __ and the normal name is an alias.  */
| #if defined __stub_floor || defined __stub___floor
| choke me
| #endif
| 
| int
| main ()
| {
| return floor ();
|   ;
|   return 0;
| }
configure:5530: result: no
configure:5445: checking for gettimeofday
configure:5501: gcc -o conftest -g -O2   conftest.c  >&5
configure:5508: $? = 0
configure:5530: result: yes
configure:5445: checking for pow
configure:5501: gcc -o conftest -g -O2   conftest.c  >&5
conftest.c:48: warning: conflicting types for built-in function 'pow'
/tmp/ccWmBFi9.o: In function `main':
/home/mitch/workspace/iris_phy_router/conftest.c:59: undefined reference to `pow'
collect2: ld returned 1 exit status
configure:5508: $? = 1
configure: failed program was:
| /* confdefs.h.  */
| #define PACKAGE_NAME "iris"
| #define PACKAGE_TARNAME "iris"
| #define PACKAGE_VERSION "0.1"
| #define PACKAGE_STRING "iris 0.1"
| #define PACKAGE_BUGREPORT "mitchelle dot rasquinha at gatech.edu"
| #define STDC_HEADERS 1
| #define HAVE_SYS_TYPES_H 1
| #define HAVE_SYS_STAT_H 1
| #define HAVE_STDLIB_H 1
| #define HAVE_STRING_H 1
| #define HAVE_MEMORY_H 1
| #define HAVE_STRINGS_H 1
| #define HAVE_INTTYPES_H 1
| #define HAVE_STDINT_H 1
| #define HAVE_UNISTD_H 1
| #define HAVE_FCNTL_H 1
| #define HAVE_STDLIB_H 1
| #define HAVE_SYS_TIME_H 1
| #define HAVE_UNISTD_H 1
| #define HAVE__BOOL 1
| #define HAVE_STDBOOL_H 1
| #define HAVE_GETTIMEOFDAY 1
| /* end confdefs.h.  */
| /* Define pow to an innocuous variant, in case <limits.h> declares pow.
|    For example, HP-UX 11i <limits.h> declares gettimeofday.  */
| #define pow innocuous_pow
| 
| /* System header to define __stub macros and hopefully few prototypes,
|     which can conflict with char pow (); below.
|     Prefer <limits.h> to <assert.h> if __STDC__ is defined, since
|     <limits.h> exists even on freestanding compilers.  */
| 
| #ifdef __STDC__
| # include <limits.h>
| #else
| # include <assert.h>
| #endif
| 
| #undef pow
| 
| /* Override any GCC internal prototype to avoid an error.
|    Use char because int might match the return type of a GCC
|    builtin and then its argument prototype would still apply.  */
| #ifdef __cplusplus
| extern "C"
| #endif
| char pow ();
| /* The GNU C library defines this for functions which it implements
|     to always fail with ENOSYS.  Some functions are actually named
|     something starting with __ and the normal name is an alias.  */
| #if defined __stub_pow || defined __stub___pow
| choke me
| #endif
| 
| int
| main ()
| {
| return pow ();
|   ;
|   return 0;
| }
configure:5530: result: no
configure:5445: checking for sqrt
configure:5501: gcc -o conftest -g -O2   conftest.c  >&5
conftest.c:48: warning: conflicting types for built-in function 'sqrt'
/tmp/cc8i861j.o: In function `main':
/home/mitch/workspace/iris_phy_router/conftest.c:59: undefined reference to `sqrt'
collect2: ld returned 1 exit status
configure:5508: $? = 1
configure: failed program was:
| /* confdefs.h.  */
| #define PACKAGE_NAME "iris"
| #define PACKAGE_TARNAME "iris"
| #define PACKAGE_VERSION "0.1"
| #define PACKAGE_STRING "iris 0.1"
| #define PACKAGE_BUGREPORT "mitchelle dot rasquinha at gatech.edu"
| #define STDC_HEADERS 1
| #define HAVE_SYS_TYPES_H 1
| #define HAVE_SYS_STAT_H 1
| #define HAVE_STDLIB_H 1
| #define HAVE_STRING_H 1
| #define HAVE_MEMORY_H 1
| #define HAVE_STRINGS_H 1
| #define HAVE_INTTYPES_H 1
| #define HAVE_STDINT_H 1
| #define HAVE_UNISTD_H 1
| #define HAVE_FCNTL_H 1
| #define HAVE_STDLIB_H 1
| #define HAVE_SYS_TIME_H 1
| #define HAVE_UNISTD_H 1
| #define HAVE__BOOL 1
| #define HAVE_STDBOOL_H 1
| #define HAVE_GETTIMEOFDAY 1
| /* end confdefs.h.  */
| /* Define sqrt to an innocuous variant, in case <limits.h> declares sqrt.
|    For example, HP-UX 11i <limits.h> declares gettimeofday.  */
| #define sqrt innocuous_sqrt
| 
| /* System header to define __stub macros and hopefully few prototypes,
|     which can conflict with char sqrt (); below.
|     Prefer <limits.h> to <assert.h> if __STDC__ is defined, since
|     <limits.h> exists even on freestanding compilers.  */
| 
| #ifdef __STDC__
| # include <limits.h>
| #else
| # include <assert.h>
| #endif
| 
| #undef sqrt
| 
| /* Override any GCC internal prototype to avoid an error.
|    Use char because int might match the return type of a GCC
|    builtin and then its argument prototype would still apply.  */
| #ifdef __cplusplus
| extern "C"
| #endif
| char sqrt ();
| /* The GNU C library defines this for functions which it implements
|     to always fail with ENOSYS.  Some functions are actually named
|     something starting with __ and the normal name is an alias.  */
| #if defined __stub_sqrt || defined __stub___sqrt
| choke me
| #endif
| 
| int
| main ()
| {
| return sqrt ();
|   ;
|   return 0;
| }
configure:5530: result: no
configure:5668: creating ./config.status

## ---------------------- ##
## Running config.status. ##
## ---------------------- ##

This file was extended by iris config.status 0.1, which was
generated by GNU Autoconf 2.63.  Invocation command line was

  CONFIG_FILES    = 
  CONFIG_HEADERS  = 
  CONFIG_LINKS    = 
  CONFIG_COMMANDS = 
  $ ./config.status 

on scatter

config.status:781: creating Makefile
config.status:781: creating config.h
config.status:1055: executing depfiles commands

## ---------------- ##
## Cache variables. ##
## ---------------- ##

ac_cv_c_compiler_gnu=yes
ac_cv_c_inline=inline
ac_cv_c_uint64_t=yes
ac_cv_cxx_compiler_gnu=yes
ac_cv_env_CCC_set=
ac_cv_env_CCC_value=
ac_cv_env_CC_set=
ac_cv_env_CC_value=
ac_cv_env_CFLAGS_set=
ac_cv_env_CFLAGS_value=
ac_cv_env_CPPFLAGS_set=
ac_cv_env_CPPFLAGS_value=
ac_cv_env_CPP_set=
ac_cv_env_CPP_value=
ac_cv_env_CXXFLAGS_set=
ac_cv_env_CXXFLAGS_value=
ac_cv_env_CXX_set=
ac_cv_env_CXX_value=
ac_cv_env_LDFLAGS_set=
ac_cv_env_LDFLAGS_value=
ac_cv_env_LIBS_set=
ac_cv_env_LIBS_value=
ac_cv_env_build_alias_set=
ac_cv_env_build_alias_value=
ac_cv_env_host_alias_set=
ac_cv_env_host_alias_value=
ac_cv_env_target_alias_set=
ac_cv_env_target_alias_value=
ac_cv_func_floor=no
ac_cv_func_gettimeofday=yes
ac_cv_func_pow=no
ac_cv_func_sqrt=no
ac_cv_header_fcntl_h=yes
ac_cv_header_inttypes_h=yes
ac_cv_header_memory_h=yes
ac_cv_header_stdbool_h=yes
ac_cv_header_stdc=yes
ac_cv_header_stdint_h=yes
ac_cv_header_stdlib_h=yes
ac_cv_header_string_h=yes
ac_cv_header_strings_h=yes
ac_cv_header_sys_stat_h=yes
ac_cv_header_sys_time_h=yes
ac_cv_header_sys_types_h=yes
ac_cv_header_unistd_h=yes
ac_cv_objext=o
ac_cv_path_EGREP='/bin/grep -E'
ac_cv_path_GREP=/bin/grep
ac_cv_path_install='/usr/bin/install -c'
ac_cv_path_mkdir=/bin/mkdir
ac_cv_prog_AWK=gawk
ac_cv_prog_CPP='gcc -E'
ac_cv_prog_ac_ct_CC=gcc
ac_cv_prog_ac_ct_CXX=g++
ac_cv_prog_ac_ct_RANLIB=ranlib
ac_cv_prog_cc_c89=
ac_cv_prog_cc_g=yes
ac_cv_prog_cxx_g=yes
ac_cv_prog_make_make_set=yes
ac_cv_type__Bool=yes
ac_cv_type_size_t=yes
am_cv_CC_dependencies_compiler_type=gcc3
am_cv_CXX_dependencies_compiler_type=gcc3

## ----------------- ##
## Output variables. ##
## ----------------- ##

ACLOCAL='${SHELL} /home/mitch/workspace/iris_phy_router/missing --run aclocal-1.10'
AMDEPBACKSLASH='\'
AMDEP_FALSE='#'
AMDEP_TRUE=''
AMTAR='${SHELL} /home/mitch/workspace/iris_phy_router/missing --run tar'
AUTOCONF='${SHELL} /home/mitch/workspace/iris_phy_router/missing --run autoconf'
AUTOHEADER='${SHELL} /home/mitch/workspace/iris_phy_router/missing --run autoheader'
AUTOMAKE='${SHELL} /home/mitch/workspace/iris_phy_router/missing --run automake-1.10'
AWK='gawk'
CC='gcc'
CCDEPMODE='depmode=gcc3'
CFLAGS='-g -O2'
CPP='gcc -E'
CPPFLAGS=''
CXX='g++'
CXXDEPMODE='depmode=gcc3'
CXXFLAGS='-g -O2'
CYGPATH_W='echo'
DEFS='-DHAVE_CONFIG_H'
DEPDIR='.deps'
ECHO_C=''
ECHO_N='-n'
ECHO_T=''
EGREP='/bin/grep -E'
EXEEXT=''
GREP='/bin/grep'
INSTALL_DATA='${INSTALL} -m 644'
INSTALL_PROGRAM='${INSTALL}'
INSTALL_SCRIPT='${INSTALL}'
INSTALL_STRIP_PROGRAM='$(install_sh) -c -s'
LDFLAGS=''
LIBOBJS=''
LIBS=''
LTLIBOBJS=''
MAKEINFO='${SHELL} /home/mitch/workspace/iris_phy_router/missing --run makeinfo'
MKDIR_P='/bin/mkdir -p'
OBJEXT='o'
PACKAGE='Iris'
PACKAGE_BUGREPORT='mitchelle dot rasquinha at gatech.edu'
PACKAGE_NAME='iris'
PACKAGE_STRING='iris 0.1'
PACKAGE_TARNAME='iris'
PACKAGE_VERSION='0.1'
PATH_SEPARATOR=':'
RANLIB='ranlib'
SET_MAKE=''
SHELL='/bin/bash'
STRIP=''
VERSION='1.0'
ac_ct_CC='gcc'
ac_ct_CXX='g++'
am__fastdepCC_FALSE='#'
am__fastdepCC_TRUE=''
am__fastdepCXX_FALSE='#'
am__fastdepCXX_TRUE=''
am__include='include'
am__isrc=''
am__leading_dot='.'
am__quote=''
am__tar='${AMTAR} chof - "$$tardir"'
am__untar='${AMTAR} xf -'
bindir='${exec_prefix}/bin'
build_alias=''
datadir='${datarootdir}'
datarootdir='${prefix}/share'
docdir='${datarootdir}/doc/${PACKAGE_TARNAME}'
dvidir='${docdir}'
exec_prefix='${prefix}'
host_alias=''
htmldir='${docdir}'
includedir='${prefix}/include'
infodir='${datarootdir}/info'
install_sh='$(SHELL) /home/mitch/workspace/iris_phy_router/install-sh'
libdir='${exec_prefix}/lib'
libexecdir='${exec_prefix}/libexec'
localedir='${datarootdir}/locale'
localstatedir='${prefix}/var'
mandir='${datarootdir}/man'
mkdir_p='/bin/mkdir -p'
oldincludedir='/usr/include'
pdfdir='${docdir}'
prefix='/usr/local'
program_transform_name='s,x,x,'
psdir='${docdir}'
sbindir='${exec_prefix}/sbin'
sharedstatedir='${prefix}/com'
sysconfdir='${prefix}/etc'
target_alias=''

## ----------- ##
## confdefs.h. ##
## ----------- ##

#define PACKAGE_NAME "iris"
#define PACKAGE_TARNAME "iris"
#define PACKAGE_VERSION "0.1"
#define PACKAGE_STRING "iris 0.1"
#define PACKAGE_BUGREPORT "mitchelle dot rasquinha at gatech.edu"
#define STDC_HEADERS 1
#define HAVE_SYS_TYPES_H 1
#define HAVE_SYS_STAT_H 1
#define HAVE_STDLIB_H 1
#define HAVE_STRING_H 1
#define HAVE_MEMORY_H 1
#define HAVE_STRINGS_H 1
#define HAVE_INTTYPES_H 1
#define HAVE_STDINT_H 1
#define HAVE_UNISTD_H 1
#define HAVE_FCNTL_H 1
#define HAVE_STDLIB_H 1
#define HAVE_SYS_TIME_H 1
#define HAVE_UNISTD_H 1
#define HAVE__BOOL 1
#define HAVE_STDBOOL_H 1
#define HAVE_GETTIMEOFDAY 1

configure: exit 0

## ---------------------- ##
## Running config.status. ##
## ---------------------- ##

This file was extended by iris config.status 0.1, which was
generated by GNU Autoconf 2.63.  Invocation command line was

  CONFIG_FILES    = 
  CONFIG_HEADERS  = 
  CONFIG_LINKS    = 
  CONFIG_COMMANDS = 
  $ ./config.status Makefile depfiles

on scatter

config.status:781: creating Makefile
config.status:1055: executing depfiles commands

## ---------------------- ##
## Running config.status. ##
## ---------------------- ##

This file was extended by iris config.status 0.1, which was
generated by GNU Autoconf 2.63.  Invocation command line was

  CONFIG_FILES    = 
  CONFIG_HEADERS  = 
  CONFIG_LINKS    = 
  CONFIG_COMMANDS = 
  $ ./config.status Makefile depfiles

on scatter

config.status:781: creating Makefile
config.status:1055: executing depfiles commands

## ---------------------- ##
## Running config.status. ##
## ---------------------- ##

This file was extended by iris config.status 0.1, which was
generated by GNU Autoconf 2.63.  Invocation command line was

  CONFIG_FILES    = 
  CONFIG_HEADERS  = 
  CONFIG_LINKS    = 
  CONFIG_COMMANDS = 
  $ ./config.status Makefile depfiles

on scatter

config.status:781: creating Makefile
config.status:1055: executing depfiles commands

## ---------------------- ##
## Running config.status. ##
## ---------------------- ##

This file was extended by iris config.status 0.1, which was
generated by GNU Autoconf 2.63.  Invocation command line was

  CONFIG_FILES    = 
  CONFIG_HEADERS  = 
  CONFIG_LINKS    = 
  CONFIG_COMMANDS = 
  $ ./config.status Makefile depfiles

on scatter

config.status:781: creating Makefile
config.status:1055: executing depfiles commands

## ---------------------- ##
## Running config.status. ##
## ---------------------- ##

This file was extended by iris config.status 0.1, which was
generated by GNU Autoconf 2.63.  Invocation command line was

  CONFIG_FILES    = 
  CONFIG_HEADERS  = 
  CONFIG_LINKS    = 
  CONFIG_COMMANDS = 
  $ ./config.status Makefile depfiles

on scatter

config.status:781: creating Makefile
config.status:1055: executing depfiles commands

## ---------------------- ##
## Running config.status. ##
## ---------------------- ##

This file was extended by iris config.status 0.1, which was
generated by GNU Autoconf 2.63.  Invocation command line was

  CONFIG_FILES    = 
  CONFIG_HEADERS  = 
  CONFIG_LINKS    = 
  CONFIG_COMMANDS = 
  $ ./config.status Makefile depfiles

on scatter

config.status:781: creating Makefile
config.status:1055: executing depfiles commands
